# JRE version: Java(TM) SE Runtime Environment (24.0.1+9) (build 24.0.1+9-30)
# Java VM: Java HotSpot(TM) 64-Bit Server VM (24.0.1+9-30, mixed mode, sharing, tiered, compressed oops, compressed class ptrs, g1 gc, windows-amd64)
GC Precious Log:
 CardTable entry size: 512
 Card Set container configuration: InlinePtr #cards 4 size 8 Array Of Cards #cards 32 size 80 Howl #buckets 8 coarsen threshold 7372 Howl Bitmap #cards 1024 size 144 coarsen threshold 921 Card regions per heap region 1 cards per card region 8192
 CPUs: 16 total, 16 available
 Memory: 31831M
 Large Page Support: Disabled
 NUMA Support: Disabled
 Compressed Oops: Enabled (Zero based)
 Heap Region Size: 4M
 Heap Min Capacity: 8M
 Heap Initial Capacity: 500M
 Heap Max Capacity: 7960M
 Pre-touch: Disabled
 Parallel Workers: 13
 Concurrent Workers: 3
 Concurrent Refinement Workers: 13
 Periodic GC: Disabled
Heap:
 garbage-first heap   total reserved 8151040K, committed 122880K, used 40004K [0x000000060e800000, 0x0000000800000000)
  region size 4096K, 9 young (36864K), 5 survivors (20480K)
 Metaspace       used 22827K, committed 23232K, reserved 1114112K
  class space    used 2838K, committed 3008K, reserved 1048576K
GC Heap History (6 events):
Event: 0.568 GC heap before
{Heap before GC invocations=0 (full 0):
 garbage-first heap   total reserved 8151040K, committed 516096K, used 50292K [0x000000060e800000, 0x0000000800000000)
  region size 4096K, 12 young (49152K), 0 survivors (0K)
 Metaspace       used 5762K, committed 5952K, reserved 1114112K
  class space    used 483K, committed 576K, reserved 1048576K
}
Event: 0.571 GC heap after
{Heap after GC invocations=1 (full 0):
 garbage-first heap   total reserved 8151040K, committed 516096K, used 6403K [0x000000060e800000, 0x0000000800000000)
  region size 4096K, 2 young (8192K), 2 survivors (8192K)
 Metaspace       used 5762K, committed 5952K, reserved 1114112K
  class space    used 483K, committed 576K, reserved 1048576K
}
Event: 26.268 GC heap before
{Heap before GC invocations=1 (full 0):
 garbage-first heap   total reserved 8151040K, committed 516096K, used 235779K [0x000000060e800000, 0x0000000800000000)
  region size 4096K, 58 young (237568K), 2 survivors (8192K)
 Metaspace       used 19667K, committed 19904K, reserved 1114112K
  class space    used 2517K, committed 2624K, reserved 1048576K
}
Event: 26.272 GC heap after
{Heap after GC invocations=2 (full 0):
 garbage-first heap   total reserved 8151040K, committed 516096K, used 27167K [0x000000060e800000, 0x0000000800000000)
  region size 4096K, 6 young (24576K), 6 survivors (24576K)
 Metaspace       used 19667K, committed 19904K, reserved 1114112K
  class space    used 2517K, committed 2624K, reserved 1048576K
}
Event: 182.140 GC heap before
{Heap before GC invocations=2 (full 0):
 garbage-first heap   total reserved 8151040K, committed 516096K, used 199199K [0x000000060e800000, 0x0000000800000000)
  region size 4096K, 50 young (204800K), 6 survivors (24576K)
 Metaspace       used 21222K, committed 21504K, reserved 1114112K
  class space    used 2665K, committed 2816K, reserved 1048576K
}
Event: 182.142 GC heap after
{Heap after GC invocations=3 (full 0):
 garbage-first heap   total reserved 8151040K, committed 516096K, used 27716K [0x000000060e800000, 0x0000000800000000)
  region size 4096K, 5 young (20480K), 5 survivors (20480K)
 Metaspace       used 21222K, committed 21504K, reserved 1114112K
  class space    used 2665K, committed 2816K, reserved 1048576K
}

