# JRE version: Java(TM) SE Runtime Environment (24.0.1+9) (build 24.0.1+9-30)
# Java VM: Java HotSpot(TM) 64-Bit Server VM (24.0.1+9-30, mixed mode, sharing, tiered, compressed oops, compressed class ptrs, g1 gc, windows-amd64)
GC Precious Log:
 CardTable entry size: 512
 Card Set container configuration: InlinePtr #cards 4 size 8 Array Of Cards #cards 32 size 80 Howl #buckets 8 coarsen threshold 7372 Howl Bitmap #cards 1024 size 144 coarsen threshold 921 Card regions per heap region 1 cards per card region 8192
 CPUs: 16 total, 16 available
 Memory: 31831M
 Large Page Support: Disabled
 NUMA Support: Disabled
 Compressed Oops: Enabled (Zero based)
 Heap Region Size: 4M
 Heap Min Capacity: 8M
 Heap Initial Capacity: 500M
 Heap Max Capacity: 7960M
 Pre-touch: Disabled
 Parallel Workers: 13
 Concurrent Workers: 3
 Concurrent Refinement Workers: 13
 Periodic GC: Disabled
Heap:
 garbage-first heap   total reserved 8151040K, committed 110592K, used 52273K [0x000000060e800000, 0x0000000800000000)
  region size 4096K, 5 young (20480K), 1 survivors (4096K)
 Metaspace       used 27681K, committed 28032K, reserved 1114112K
  class space    used 3278K, committed 3456K, reserved 1048576K
GC Heap History (20 events):
Event: 41.287 GC heap before
{Heap before GC invocations=14 (full 0):
 garbage-first heap   total reserved 8151040K, committed 110592K, used 91883K [0x000000060e800000, 0x0000000800000000)
  region size 4096K, 15 young (61440K), 1 survivors (4096K)
 Metaspace       used 25922K, committed 26240K, reserved 1114112K
  class space    used 3117K, committed 3264K, reserved 1048576K
}
Event: 41.288 GC heap after
{Heap after GC invocations=15 (full 0):
 garbage-first heap   total reserved 8151040K, committed 110592K, used 39256K [0x000000060e800000, 0x0000000800000000)
  region size 4096K, 1 young (4096K), 1 survivors (4096K)
 Metaspace       used 25922K, committed 26240K, reserved 1114112K
  class space    used 3117K, committed 3264K, reserved 1048576K
}
Event: 45.316 GC heap before
{Heap before GC invocations=15 (full 0):
 garbage-first heap   total reserved 8151040K, committed 110592K, used 92504K [0x000000060e800000, 0x0000000800000000)
  region size 4096K, 15 young (61440K), 1 survivors (4096K)
 Metaspace       used 26036K, committed 26368K, reserved 1114112K
  class space    used 3118K, committed 3264K, reserved 1048576K
}
Event: 45.317 GC heap after
{Heap after GC invocations=16 (full 0):
 garbage-first heap   total reserved 8151040K, committed 110592K, used 38763K [0x000000060e800000, 0x0000000800000000)
  region size 4096K, 1 young (4096K), 1 survivors (4096K)
 Metaspace       used 26036K, committed 26368K, reserved 1114112K
  class space    used 3118K, committed 3264K, reserved 1048576K
}
Event: 48.231 GC heap before
{Heap before GC invocations=16 (full 0):
 garbage-first heap   total reserved 8151040K, committed 110592K, used 92011K [0x000000060e800000, 0x0000000800000000)
  region size 4096K, 15 young (61440K), 1 survivors (4096K)
 Metaspace       used 26045K, committed 26432K, reserved 1114112K
  class space    used 3118K, committed 3264K, reserved 1048576K
}
Event: 48.232 GC heap after
{Heap after GC invocations=17 (full 0):
 garbage-first heap   total reserved 8151040K, committed 110592K, used 39356K [0x000000060e800000, 0x0000000800000000)
  region size 4096K, 1 young (4096K), 1 survivors (4096K)
 Metaspace       used 26045K, committed 26432K, reserved 1114112K
  class space    used 3118K, committed 3264K, reserved 1048576K
}
Event: 52.470 GC heap before
{Heap before GC invocations=17 (full 0):
 garbage-first heap   total reserved 8151040K, committed 110592K, used 92604K [0x000000060e800000, 0x0000000800000000)
  region size 4096K, 15 young (61440K), 1 survivors (4096K)
 Metaspace       used 26055K, committed 26432K, reserved 1114112K
  class space    used 3118K, committed 3264K, reserved 1048576K
}
Event: 52.471 GC heap after
{Heap after GC invocations=18 (full 0):
 garbage-first heap   total reserved 8151040K, committed 110592K, used 38750K [0x000000060e800000, 0x0000000800000000)
  region size 4096K, 1 young (4096K), 1 survivors (4096K)
 Metaspace       used 26055K, committed 26432K, reserved 1114112K
  class space    used 3118K, committed 3264K, reserved 1048576K
}
Event: 55.923 GC heap before
{Heap before GC invocations=18 (full 0):
 garbage-first heap   total reserved 8151040K, committed 110592K, used 91998K [0x000000060e800000, 0x0000000800000000)
  region size 4096K, 15 young (61440K), 1 survivors (4096K)
 Metaspace       used 26059K, committed 26432K, reserved 1114112K
  class space    used 3118K, committed 3264K, reserved 1048576K
}
Event: 55.923 GC heap after
{Heap after GC invocations=19 (full 0):
 garbage-first heap   total reserved 8151040K, committed 110592K, used 39351K [0x000000060e800000, 0x0000000800000000)
  region size 4096K, 1 young (4096K), 1 survivors (4096K)
 Metaspace       used 26059K, committed 26432K, reserved 1114112K
  class space    used 3118K, committed 3264K, reserved 1048576K
}
Event: 59.276 GC heap before
{Heap before GC invocations=19 (full 0):
 garbage-first heap   total reserved 8151040K, committed 110592K, used 92599K [0x000000060e800000, 0x0000000800000000)
  region size 4096K, 15 young (61440K), 1 survivors (4096K)
 Metaspace       used 26117K, committed 26496K, reserved 1114112K
  class space    used 3118K, committed 3264K, reserved 1048576K
}
Event: 59.277 GC heap after
{Heap after GC invocations=20 (full 0):
 garbage-first heap   total reserved 8151040K, committed 110592K, used 39919K [0x000000060e800000, 0x0000000800000000)
  region size 4096K, 1 young (4096K), 1 survivors (4096K)
 Metaspace       used 26117K, committed 26496K, reserved 1114112K
  class space    used 3118K, committed 3264K, reserved 1048576K
}
Event: 62.726 GC heap before
{Heap before GC invocations=20 (full 0):
 garbage-first heap   total reserved 8151040K, committed 110592K, used 89071K [0x000000060e800000, 0x0000000800000000)
  region size 4096K, 14 young (57344K), 1 survivors (4096K)
 Metaspace       used 26135K, committed 26496K, reserved 1114112K
  class space    used 3118K, committed 3264K, reserved 1048576K
}
Event: 62.727 GC heap after
{Heap after GC invocations=21 (full 0):
 garbage-first heap   total reserved 8151040K, committed 110592K, used 39817K [0x000000060e800000, 0x0000000800000000)
  region size 4096K, 1 young (4096K), 1 survivors (4096K)
 Metaspace       used 26135K, committed 26496K, reserved 1114112K
  class space    used 3118K, committed 3264K, reserved 1048576K
}
Event: 66.006 GC heap before
{Heap before GC invocations=21 (full 0):
 garbage-first heap   total reserved 8151040K, committed 110592K, used 88969K [0x000000060e800000, 0x0000000800000000)
  region size 4096K, 14 young (57344K), 1 survivors (4096K)
 Metaspace       used 26153K, committed 26496K, reserved 1114112K
  class space    used 3121K, committed 3264K, reserved 1048576K
}
Event: 66.007 GC heap after
{Heap after GC invocations=22 (full 0):
 garbage-first heap   total reserved 8151040K, committed 110592K, used 39851K [0x000000060e800000, 0x0000000800000000)
  region size 4096K, 1 young (4096K), 1 survivors (4096K)
 Metaspace       used 26153K, committed 26496K, reserved 1114112K
  class space    used 3121K, committed 3264K, reserved 1048576K
}
Event: 68.644 GC heap before
{Heap before GC invocations=22 (full 0):
 garbage-first heap   total reserved 8151040K, committed 110592K, used 89003K [0x000000060e800000, 0x0000000800000000)
  region size 4096K, 14 young (57344K), 1 survivors (4096K)
 Metaspace       used 26163K, committed 26496K, reserved 1114112K
  class space    used 3121K, committed 3264K, reserved 1048576K
}
Event: 68.644 GC heap after
{Heap after GC invocations=23 (full 0):
 garbage-first heap   total reserved 8151040K, committed 110592K, used 39849K [0x000000060e800000, 0x0000000800000000)
  region size 4096K, 1 young (4096K), 1 survivors (4096K)
 Metaspace       used 26163K, committed 26496K, reserved 1114112K
  class space    used 3121K, committed 3264K, reserved 1048576K
}
Event: 78.506 GC heap before
{Heap before GC invocations=23 (full 0):
 garbage-first heap   total reserved 8151040K, committed 110592K, used 89001K [0x000000060e800000, 0x0000000800000000)
  region size 4096K, 14 young (57344K), 1 survivors (4096K)
 Metaspace       used 26289K, committed 26624K, reserved 1114112K
  class space    used 3122K, committed 3264K, reserved 1048576K
}
Event: 78.507 GC heap after
{Heap after GC invocations=24 (full 0):
 garbage-first heap   total reserved 8151040K, committed 110592K, used 39985K [0x000000060e800000, 0x0000000800000000)
  region size 4096K, 1 young (4096K), 1 survivors (4096K)
 Metaspace       used 26289K, committed 26624K, reserved 1114112K
  class space    used 3122K, committed 3264K, reserved 1048576K
}

